{"/home/muhammad/Desktop/Ammar/phase3/week3/Ambislah/server/services/app.js": {"path":"/home/muhammad/Desktop/Ammar/phase3/week3/Ambislah/server/services/app.js","statementMap":{"0":{"start":{"line":2,"column":0},"end":{"line":2,"column":26}},"1":{"start":{"line":3,"column":16},"end":{"line":3,"column":34}},"2":{"start":{"line":5,"column":12},"end":{"line":5,"column":21}},"3":{"start":{"line":6,"column":13},"end":{"line":6,"column":28}},"4":{"start":{"line":8,"column":0},"end":{"line":8,"column":15}},"5":{"start":{"line":11,"column":15},"end":{"line":11,"column":34}},"6":{"start":{"line":13,"column":0},"end":{"line":13,"column":23}},"7":{"start":{"line":15,"column":0},"end":{"line":17,"column":3}},"8":{"start":{"line":19,"column":0},"end":{"line":19,"column":16}},"9":{"start":{"line":33,"column":0},"end":{"line":33,"column":20}}},"fnMap":{},"branchMap":{},"s":{"0":4,"1":4,"2":4,"3":4,"4":4,"5":4,"6":4,"7":4,"8":4,"9":4},"f":{},"b":{},"_coverageSchema":"1a1c01bbd47fc00a2c39e90264f33305004495a9","hash":"809fc5bc68ad7b2d95de66441cc11265fa0fc89a"}
,"/home/muhammad/Desktop/Ammar/phase3/week3/Ambislah/server/services/config/mongodb.js": {"path":"/home/muhammad/Desktop/Ammar/phase3/week3/Ambislah/server/services/config/mongodb.js","statementMap":{"0":{"start":{"line":1,"column":34},"end":{"line":1,"column":52}},"1":{"start":{"line":4,"column":12},"end":{"line":4,"column":39}},"2":{"start":{"line":5,"column":9},"end":{"line":5,"column":13}},"3":{"start":{"line":8,"column":19},"end":{"line":8,"column":39}},"4":{"start":{"line":9,"column":24},"end":{"line":9,"column":44}},"5":{"start":{"line":10,"column":19},"end":{"line":10,"column":75}},"6":{"start":{"line":12,"column":4},"end":{"line":12,"column":26}},"7":{"start":{"line":13,"column":4},"end":{"line":13,"column":65}},"8":{"start":{"line":15,"column":21},"end":{"line":15,"column":38}},"9":{"start":{"line":16,"column":4},"end":{"line":16,"column":17}},"10":{"start":{"line":18,"column":4},"end":{"line":18,"column":29}},"11":{"start":{"line":22,"column":4},"end":{"line":22,"column":13}},"12":{"start":{"line":25,"column":0},"end":{"line":29,"column":1}}},"fnMap":{"0":{"name":"connect","decl":{"start":{"line":7,"column":15},"end":{"line":7,"column":22}},"loc":{"start":{"line":7,"column":25},"end":{"line":19,"column":1}},"line":7},"1":{"name":"getDatabase","decl":{"start":{"line":21,"column":9},"end":{"line":21,"column":20}},"loc":{"start":{"line":21,"column":24},"end":{"line":23,"column":1}},"line":21}},"branchMap":{"0":{"loc":{"start":{"line":10,"column":19},"end":{"line":10,"column":75}},"type":"cond-expr","locations":[{"start":{"line":10,"column":44},"end":{"line":10,"column":62}},{"start":{"line":10,"column":65},"end":{"line":10,"column":75}}],"line":10}},"s":{"0":4,"1":4,"2":4,"3":4,"4":4,"5":4,"6":4,"7":4,"8":4,"9":4,"10":4,"11":45,"12":4},"f":{"0":4,"1":45},"b":{"0":[4,0]},"_coverageSchema":"1a1c01bbd47fc00a2c39e90264f33305004495a9","hash":"ebecec5cab2d43923f67162491dfd20566628154"}
,"/home/muhammad/Desktop/Ammar/phase3/week3/Ambislah/server/services/controllers/authController.js": {"path":"/home/muhammad/Desktop/Ammar/phase3/week3/Ambislah/server/services/controllers/authController.js","statementMap":{"0":{"start":{"line":1,"column":15},"end":{"line":1,"column":42}},"1":{"start":{"line":2,"column":28},"end":{"line":2,"column":56}},"2":{"start":{"line":3,"column":22},"end":{"line":3,"column":47}},"3":{"start":{"line":4,"column":23},"end":{"line":4,"column":53}},"4":{"start":{"line":16,"column":4},"end":{"line":32,"column":5}},"5":{"start":{"line":17,"column":34},"end":{"line":17,"column":42}},"6":{"start":{"line":18,"column":23},"end":{"line":18,"column":25}},"7":{"start":{"line":19,"column":6},"end":{"line":19,"column":56}},"8":{"start":{"line":20,"column":6},"end":{"line":20,"column":62}},"9":{"start":{"line":22,"column":6},"end":{"line":24,"column":7}},"10":{"start":{"line":23,"column":10},"end":{"line":23,"column":50}},"11":{"start":{"line":26,"column":19},"end":{"line":26,"column":38}},"12":{"start":{"line":27,"column":20},"end":{"line":27,"column":45}},"13":{"start":{"line":28,"column":21},"end":{"line":28,"column":49}},"14":{"start":{"line":29,"column":6},"end":{"line":29,"column":34}},"15":{"start":{"line":31,"column":6},"end":{"line":31,"column":15}},"16":{"start":{"line":35,"column":4},"end":{"line":59,"column":5}},"17":{"start":{"line":36,"column":34},"end":{"line":36,"column":42}},"18":{"start":{"line":38,"column":6},"end":{"line":55,"column":8}},"19":{"start":{"line":40,"column":8},"end":{"line":51,"column":9}},"20":{"start":{"line":41,"column":10},"end":{"line":50,"column":11}},"21":{"start":{"line":42,"column":29},"end":{"line":46,"column":13}},"22":{"start":{"line":47,"column":26},"end":{"line":47,"column":47}},"23":{"start":{"line":48,"column":12},"end":{"line":48,"column":44}},"24":{"start":{"line":49,"column":12},"end":{"line":49,"column":57}},"25":{"start":{"line":54,"column":8},"end":{"line":54,"column":60}},"26":{"start":{"line":58,"column":6},"end":{"line":58,"column":15}},"27":{"start":{"line":62,"column":4},"end":{"line":102,"column":5}},"28":{"start":{"line":63,"column":20},"end":{"line":63,"column":24}},"29":{"start":{"line":64,"column":20},"end":{"line":64,"column":37}},"30":{"start":{"line":65,"column":21},"end":{"line":65,"column":60}},"31":{"start":{"line":66,"column":21},"end":{"line":69,"column":8}},"32":{"start":{"line":70,"column":6},"end":{"line":70,"column":35}},"33":{"start":{"line":72,"column":20},"end":{"line":72,"column":33}},"34":{"start":{"line":73,"column":21},"end":{"line":73,"column":46}},"35":{"start":{"line":74,"column":6},"end":{"line":98,"column":7}},"36":{"start":{"line":75,"column":25},"end":{"line":79,"column":9}},"37":{"start":{"line":80,"column":22},"end":{"line":80,"column":43}},"38":{"start":{"line":81,"column":8},"end":{"line":81,"column":40}},"39":{"start":{"line":82,"column":8},"end":{"line":82,"column":53}},"40":{"start":{"line":84,"column":29},"end":{"line":88,"column":9}},"41":{"start":{"line":89,"column":23},"end":{"line":89,"column":58}},"42":{"start":{"line":90,"column":25},"end":{"line":94,"column":9}},"43":{"start":{"line":95,"column":22},"end":{"line":95,"column":43}},"44":{"start":{"line":96,"column":8},"end":{"line":96,"column":40}},"45":{"start":{"line":97,"column":8},"end":{"line":97,"column":53}},"46":{"start":{"line":101,"column":6},"end":{"line":101,"column":15}},"47":{"start":{"line":106,"column":0},"end":{"line":106,"column":31}}},"fnMap":{"0":{"name":"(anonymous_0)","decl":{"start":{"line":15,"column":2},"end":{"line":15,"column":3}},"loc":{"start":{"line":15,"column":40},"end":{"line":33,"column":3}},"line":15},"1":{"name":"(anonymous_1)","decl":{"start":{"line":34,"column":2},"end":{"line":34,"column":3}},"loc":{"start":{"line":34,"column":37},"end":{"line":60,"column":3}},"line":34},"2":{"name":"(anonymous_2)","decl":{"start":{"line":39,"column":13},"end":{"line":39,"column":14}},"loc":{"start":{"line":39,"column":23},"end":{"line":52,"column":7}},"line":39},"3":{"name":"(anonymous_3)","decl":{"start":{"line":53,"column":13},"end":{"line":53,"column":14}},"loc":{"start":{"line":53,"column":20},"end":{"line":55,"column":7}},"line":53},"4":{"name":"(anonymous_4)","decl":{"start":{"line":61,"column":2},"end":{"line":61,"column":3}},"loc":{"start":{"line":61,"column":43},"end":{"line":103,"column":3}},"line":61}},"branchMap":{"0":{"loc":{"start":{"line":19,"column":6},"end":{"line":19,"column":56}},"type":"binary-expr","locations":[{"start":{"line":19,"column":6},"end":{"line":19,"column":12}},{"start":{"line":19,"column":16},"end":{"line":19,"column":56}}],"line":19},"1":{"loc":{"start":{"line":20,"column":6},"end":{"line":20,"column":62}},"type":"binary-expr","locations":[{"start":{"line":20,"column":6},"end":{"line":20,"column":15}},{"start":{"line":20,"column":19},"end":{"line":20,"column":62}}],"line":20},"2":{"loc":{"start":{"line":22,"column":6},"end":{"line":24,"column":7}},"type":"if","locations":[{"start":{"line":22,"column":6},"end":{"line":24,"column":7}},{"start":{"line":22,"column":6},"end":{"line":24,"column":7}}],"line":22},"3":{"loc":{"start":{"line":40,"column":8},"end":{"line":51,"column":9}},"type":"if","locations":[{"start":{"line":40,"column":8},"end":{"line":51,"column":9}},{"start":{"line":40,"column":8},"end":{"line":51,"column":9}}],"line":40},"4":{"loc":{"start":{"line":41,"column":10},"end":{"line":50,"column":11}},"type":"if","locations":[{"start":{"line":41,"column":10},"end":{"line":50,"column":11}},{"start":{"line":41,"column":10},"end":{"line":50,"column":11}}],"line":41},"5":{"loc":{"start":{"line":74,"column":6},"end":{"line":98,"column":7}},"type":"if","locations":[{"start":{"line":74,"column":6},"end":{"line":98,"column":7}},{"start":{"line":74,"column":6},"end":{"line":98,"column":7}}],"line":74}},"s":{"0":4,"1":4,"2":4,"3":4,"4":2,"5":2,"6":2,"7":2,"8":2,"9":2,"10":1,"11":2,"12":1,"13":1,"14":1,"15":1,"16":3,"17":3,"18":3,"19":3,"20":2,"21":1,"22":1,"23":1,"24":1,"25":2,"26":0,"27":2,"28":2,"29":2,"30":2,"31":2,"32":0,"33":0,"34":0,"35":0,"36":0,"37":0,"38":0,"39":0,"40":0,"41":0,"42":0,"43":0,"44":0,"45":0,"46":2,"47":4},"f":{"0":2,"1":3,"2":3,"3":2,"4":2},"b":{"0":[2,1],"1":[2,1],"2":[1,1],"3":[2,0],"4":[1,0],"5":[0,0]},"_coverageSchema":"1a1c01bbd47fc00a2c39e90264f33305004495a9","hash":"d3e3d5776f9952009c0deac718462fa6749f0734"}
,"/home/muhammad/Desktop/Ammar/phase3/week3/Ambislah/server/services/controllers/quizController.js": {"path":"/home/muhammad/Desktop/Ammar/phase3/week3/Ambislah/server/services/controllers/quizController.js","statementMap":{"0":{"start":{"line":1,"column":16},"end":{"line":1,"column":46}},"1":{"start":{"line":5,"column":4},"end":{"line":11,"column":9}},"2":{"start":{"line":7,"column":8},"end":{"line":7,"column":37}},"3":{"start":{"line":10,"column":8},"end":{"line":10,"column":18}},"4":{"start":{"line":15,"column":19},"end":{"line":15,"column":29}},"5":{"start":{"line":16,"column":4},"end":{"line":18,"column":5}},"6":{"start":{"line":17,"column":6},"end":{"line":17,"column":71}},"7":{"start":{"line":20,"column":4},"end":{"line":30,"column":9}},"8":{"start":{"line":22,"column":8},"end":{"line":26,"column":9}},"9":{"start":{"line":23,"column":10},"end":{"line":23,"column":39}},"10":{"start":{"line":25,"column":10},"end":{"line":25,"column":59}},"11":{"start":{"line":29,"column":8},"end":{"line":29,"column":18}},"12":{"start":{"line":34,"column":18},"end":{"line":37,"column":5}},"13":{"start":{"line":39,"column":4},"end":{"line":49,"column":9}},"14":{"start":{"line":41,"column":8},"end":{"line":45,"column":9}},"15":{"start":{"line":42,"column":10},"end":{"line":42,"column":39}},"16":{"start":{"line":44,"column":10},"end":{"line":44,"column":55}},"17":{"start":{"line":48,"column":8},"end":{"line":48,"column":18}},"18":{"start":{"line":53,"column":18},"end":{"line":56,"column":5}},"19":{"start":{"line":60,"column":19},"end":{"line":60,"column":29}},"20":{"start":{"line":62,"column":4},"end":{"line":64,"column":5}},"21":{"start":{"line":63,"column":6},"end":{"line":63,"column":71}},"22":{"start":{"line":66,"column":4},"end":{"line":78,"column":9}},"23":{"start":{"line":68,"column":8},"end":{"line":74,"column":9}},"24":{"start":{"line":69,"column":10},"end":{"line":69,"column":39}},"25":{"start":{"line":70,"column":15},"end":{"line":74,"column":9}},"26":{"start":{"line":71,"column":10},"end":{"line":71,"column":59}},"27":{"start":{"line":73,"column":10},"end":{"line":73,"column":55}},"28":{"start":{"line":77,"column":8},"end":{"line":77,"column":18}},"29":{"start":{"line":82,"column":19},"end":{"line":82,"column":29}},"30":{"start":{"line":84,"column":4},"end":{"line":86,"column":5}},"31":{"start":{"line":85,"column":6},"end":{"line":85,"column":71}},"32":{"start":{"line":88,"column":4},"end":{"line":100,"column":9}},"33":{"start":{"line":90,"column":8},"end":{"line":96,"column":9}},"34":{"start":{"line":91,"column":10},"end":{"line":93,"column":13}},"35":{"start":{"line":95,"column":10},"end":{"line":95,"column":59}},"36":{"start":{"line":99,"column":8},"end":{"line":99,"column":18}},"37":{"start":{"line":104,"column":0},"end":{"line":104,"column":32}}},"fnMap":{"0":{"name":"(anonymous_0)","decl":{"start":{"line":4,"column":2},"end":{"line":4,"column":3}},"loc":{"start":{"line":4,"column":40},"end":{"line":12,"column":3}},"line":4},"1":{"name":"(anonymous_1)","decl":{"start":{"line":6,"column":12},"end":{"line":6,"column":13}},"loc":{"start":{"line":6,"column":24},"end":{"line":8,"column":7}},"line":6},"2":{"name":"(anonymous_2)","decl":{"start":{"line":9,"column":13},"end":{"line":9,"column":14}},"loc":{"start":{"line":9,"column":22},"end":{"line":11,"column":7}},"line":9},"3":{"name":"(anonymous_3)","decl":{"start":{"line":14,"column":2},"end":{"line":14,"column":3}},"loc":{"start":{"line":14,"column":44},"end":{"line":31,"column":3}},"line":14},"4":{"name":"(anonymous_4)","decl":{"start":{"line":21,"column":12},"end":{"line":21,"column":13}},"loc":{"start":{"line":21,"column":24},"end":{"line":27,"column":7}},"line":21},"5":{"name":"(anonymous_5)","decl":{"start":{"line":28,"column":13},"end":{"line":28,"column":14}},"loc":{"start":{"line":28,"column":22},"end":{"line":30,"column":7}},"line":28},"6":{"name":"(anonymous_6)","decl":{"start":{"line":33,"column":2},"end":{"line":33,"column":3}},"loc":{"start":{"line":33,"column":41},"end":{"line":50,"column":3}},"line":33},"7":{"name":"(anonymous_7)","decl":{"start":{"line":40,"column":12},"end":{"line":40,"column":13}},"loc":{"start":{"line":40,"column":24},"end":{"line":46,"column":7}},"line":40},"8":{"name":"(anonymous_8)","decl":{"start":{"line":47,"column":13},"end":{"line":47,"column":14}},"loc":{"start":{"line":47,"column":22},"end":{"line":49,"column":7}},"line":47},"9":{"name":"(anonymous_9)","decl":{"start":{"line":52,"column":2},"end":{"line":52,"column":3}},"loc":{"start":{"line":52,"column":40},"end":{"line":79,"column":3}},"line":52},"10":{"name":"(anonymous_10)","decl":{"start":{"line":67,"column":12},"end":{"line":67,"column":13}},"loc":{"start":{"line":67,"column":24},"end":{"line":75,"column":7}},"line":67},"11":{"name":"(anonymous_11)","decl":{"start":{"line":76,"column":13},"end":{"line":76,"column":14}},"loc":{"start":{"line":76,"column":22},"end":{"line":78,"column":7}},"line":76},"12":{"name":"(anonymous_12)","decl":{"start":{"line":81,"column":2},"end":{"line":81,"column":3}},"loc":{"start":{"line":81,"column":43},"end":{"line":101,"column":3}},"line":81},"13":{"name":"(anonymous_13)","decl":{"start":{"line":89,"column":12},"end":{"line":89,"column":13}},"loc":{"start":{"line":89,"column":24},"end":{"line":97,"column":7}},"line":89},"14":{"name":"(anonymous_14)","decl":{"start":{"line":98,"column":13},"end":{"line":98,"column":14}},"loc":{"start":{"line":98,"column":22},"end":{"line":100,"column":7}},"line":98}},"branchMap":{"0":{"loc":{"start":{"line":16,"column":4},"end":{"line":18,"column":5}},"type":"if","locations":[{"start":{"line":16,"column":4},"end":{"line":18,"column":5}},{"start":{"line":16,"column":4},"end":{"line":18,"column":5}}],"line":16},"1":{"loc":{"start":{"line":22,"column":8},"end":{"line":26,"column":9}},"type":"if","locations":[{"start":{"line":22,"column":8},"end":{"line":26,"column":9}},{"start":{"line":22,"column":8},"end":{"line":26,"column":9}}],"line":22},"2":{"loc":{"start":{"line":41,"column":8},"end":{"line":45,"column":9}},"type":"if","locations":[{"start":{"line":41,"column":8},"end":{"line":45,"column":9}},{"start":{"line":41,"column":8},"end":{"line":45,"column":9}}],"line":41},"3":{"loc":{"start":{"line":62,"column":4},"end":{"line":64,"column":5}},"type":"if","locations":[{"start":{"line":62,"column":4},"end":{"line":64,"column":5}},{"start":{"line":62,"column":4},"end":{"line":64,"column":5}}],"line":62},"4":{"loc":{"start":{"line":68,"column":8},"end":{"line":74,"column":9}},"type":"if","locations":[{"start":{"line":68,"column":8},"end":{"line":74,"column":9}},{"start":{"line":68,"column":8},"end":{"line":74,"column":9}}],"line":68},"5":{"loc":{"start":{"line":70,"column":15},"end":{"line":74,"column":9}},"type":"if","locations":[{"start":{"line":70,"column":15},"end":{"line":74,"column":9}},{"start":{"line":70,"column":15},"end":{"line":74,"column":9}}],"line":70},"6":{"loc":{"start":{"line":84,"column":4},"end":{"line":86,"column":5}},"type":"if","locations":[{"start":{"line":84,"column":4},"end":{"line":86,"column":5}},{"start":{"line":84,"column":4},"end":{"line":86,"column":5}}],"line":84},"7":{"loc":{"start":{"line":90,"column":8},"end":{"line":96,"column":9}},"type":"if","locations":[{"start":{"line":90,"column":8},"end":{"line":96,"column":9}},{"start":{"line":90,"column":8},"end":{"line":96,"column":9}}],"line":90}},"s":{"0":4,"1":1,"2":1,"3":0,"4":3,"5":3,"6":1,"7":3,"8":2,"9":1,"10":1,"11":1,"12":2,"13":2,"14":2,"15":1,"16":1,"17":0,"18":4,"19":4,"20":4,"21":1,"22":4,"23":4,"24":1,"25":3,"26":1,"27":2,"28":0,"29":3,"30":3,"31":1,"32":3,"33":2,"34":1,"35":1,"36":1,"37":4},"f":{"0":1,"1":1,"2":0,"3":3,"4":2,"5":1,"6":2,"7":2,"8":0,"9":4,"10":4,"11":0,"12":3,"13":2,"14":1},"b":{"0":[1,2],"1":[1,1],"2":[1,1],"3":[1,3],"4":[1,3],"5":[1,2],"6":[1,2],"7":[1,1]},"_coverageSchema":"1a1c01bbd47fc00a2c39e90264f33305004495a9","hash":"8b82e345f4f3dd7564cb2f3d7a1838e63b8eb5a9"}
,"/home/muhammad/Desktop/Ammar/phase3/week3/Ambislah/server/services/controllers/reportController.js": {"path":"/home/muhammad/Desktop/Ammar/phase3/week3/Ambislah/server/services/controllers/reportController.js","statementMap":{"0":{"start":{"line":1,"column":21},"end":{"line":1,"column":53}},"1":{"start":{"line":5,"column":8},"end":{"line":12,"column":9}},"2":{"start":{"line":6,"column":27},"end":{"line":6,"column":38}},"3":{"start":{"line":7,"column":25},"end":{"line":7,"column":66}},"4":{"start":{"line":8,"column":12},"end":{"line":8,"column":38}},"5":{"start":{"line":11,"column":12},"end":{"line":11,"column":29}},"6":{"start":{"line":16,"column":19},"end":{"line":16,"column":32}},"7":{"start":{"line":17,"column":23},"end":{"line":17,"column":34}},"8":{"start":{"line":18,"column":8},"end":{"line":28,"column":10}},"9":{"start":{"line":20,"column":12},"end":{"line":24,"column":13}},"10":{"start":{"line":21,"column":16},"end":{"line":21,"column":42}},"11":{"start":{"line":23,"column":16},"end":{"line":23,"column":64}},"12":{"start":{"line":27,"column":12},"end":{"line":27,"column":29}},"13":{"start":{"line":32,"column":8},"end":{"line":58,"column":9}},"14":{"start":{"line":33,"column":27},"end":{"line":33,"column":38}},"15":{"start":{"line":34,"column":49},"end":{"line":34,"column":57}},"16":{"start":{"line":36,"column":29},"end":{"line":36,"column":31}},"17":{"start":{"line":37,"column":12},"end":{"line":37,"column":64}},"18":{"start":{"line":38,"column":12},"end":{"line":38,"column":64}},"19":{"start":{"line":39,"column":12},"end":{"line":39,"column":70}},"20":{"start":{"line":42,"column":12},"end":{"line":42,"column":66}},"21":{"start":{"line":44,"column":12},"end":{"line":46,"column":13}},"22":{"start":{"line":45,"column":16},"end":{"line":45,"column":56}},"23":{"start":{"line":47,"column":26},"end":{"line":51,"column":13}},"24":{"start":{"line":53,"column":25},"end":{"line":53,"column":64}},"25":{"start":{"line":54,"column":12},"end":{"line":54,"column":38}},"26":{"start":{"line":57,"column":12},"end":{"line":57,"column":29}},"27":{"start":{"line":62,"column":19},"end":{"line":62,"column":32}},"28":{"start":{"line":64,"column":8},"end":{"line":75,"column":10}},"29":{"start":{"line":66,"column":12},"end":{"line":71,"column":13}},"30":{"start":{"line":67,"column":16},"end":{"line":67,"column":72}},"31":{"start":{"line":70,"column":16},"end":{"line":70,"column":64}},"32":{"start":{"line":74,"column":12},"end":{"line":74,"column":29}},"33":{"start":{"line":79,"column":0},"end":{"line":79,"column":27}}},"fnMap":{"0":{"name":"(anonymous_0)","decl":{"start":{"line":4,"column":4},"end":{"line":4,"column":5}},"loc":{"start":{"line":4,"column":49},"end":{"line":13,"column":5}},"line":4},"1":{"name":"(anonymous_1)","decl":{"start":{"line":15,"column":4},"end":{"line":15,"column":5}},"loc":{"start":{"line":15,"column":43},"end":{"line":29,"column":5}},"line":15},"2":{"name":"(anonymous_2)","decl":{"start":{"line":19,"column":14},"end":{"line":19,"column":15}},"loc":{"start":{"line":19,"column":22},"end":{"line":25,"column":9}},"line":19},"3":{"name":"(anonymous_3)","decl":{"start":{"line":26,"column":15},"end":{"line":26,"column":16}},"loc":{"start":{"line":26,"column":22},"end":{"line":28,"column":9}},"line":26},"4":{"name":"(anonymous_4)","decl":{"start":{"line":31,"column":4},"end":{"line":31,"column":5}},"loc":{"start":{"line":31,"column":48},"end":{"line":59,"column":5}},"line":31},"5":{"name":"(anonymous_5)","decl":{"start":{"line":61,"column":4},"end":{"line":61,"column":5}},"loc":{"start":{"line":61,"column":42},"end":{"line":76,"column":5}},"line":61},"6":{"name":"(anonymous_6)","decl":{"start":{"line":65,"column":14},"end":{"line":65,"column":15}},"loc":{"start":{"line":65,"column":22},"end":{"line":72,"column":9}},"line":65},"7":{"name":"(anonymous_7)","decl":{"start":{"line":73,"column":16},"end":{"line":73,"column":17}},"loc":{"start":{"line":73,"column":23},"end":{"line":75,"column":9}},"line":73}},"branchMap":{"0":{"loc":{"start":{"line":20,"column":12},"end":{"line":24,"column":13}},"type":"if","locations":[{"start":{"line":20,"column":12},"end":{"line":24,"column":13}},{"start":{"line":20,"column":12},"end":{"line":24,"column":13}}],"line":20},"1":{"loc":{"start":{"line":37,"column":12},"end":{"line":37,"column":64}},"type":"binary-expr","locations":[{"start":{"line":37,"column":12},"end":{"line":37,"column":19}},{"start":{"line":37,"column":23},"end":{"line":37,"column":64}}],"line":37},"2":{"loc":{"start":{"line":38,"column":12},"end":{"line":38,"column":64}},"type":"binary-expr","locations":[{"start":{"line":38,"column":12},"end":{"line":38,"column":19}},{"start":{"line":38,"column":23},"end":{"line":38,"column":64}}],"line":38},"3":{"loc":{"start":{"line":39,"column":12},"end":{"line":39,"column":70}},"type":"binary-expr","locations":[{"start":{"line":39,"column":12},"end":{"line":39,"column":22}},{"start":{"line":39,"column":26},"end":{"line":39,"column":70}}],"line":39},"4":{"loc":{"start":{"line":42,"column":12},"end":{"line":42,"column":66}},"type":"binary-expr","locations":[{"start":{"line":42,"column":12},"end":{"line":42,"column":20}},{"start":{"line":42,"column":24},"end":{"line":42,"column":66}}],"line":42},"5":{"loc":{"start":{"line":44,"column":12},"end":{"line":46,"column":13}},"type":"if","locations":[{"start":{"line":44,"column":12},"end":{"line":46,"column":13}},{"start":{"line":44,"column":12},"end":{"line":46,"column":13}}],"line":44},"6":{"loc":{"start":{"line":66,"column":12},"end":{"line":71,"column":13}},"type":"if","locations":[{"start":{"line":66,"column":12},"end":{"line":71,"column":13}},{"start":{"line":66,"column":12},"end":{"line":71,"column":13}}],"line":66}},"s":{"0":4,"1":1,"2":1,"3":1,"4":1,"5":0,"6":2,"7":2,"8":2,"9":2,"10":1,"11":1,"12":0,"13":3,"14":3,"15":3,"16":3,"17":3,"18":3,"19":3,"20":3,"21":3,"22":2,"23":3,"24":2,"25":2,"26":2,"27":2,"28":2,"29":2,"30":1,"31":1,"32":0,"33":4},"f":{"0":1,"1":2,"2":2,"3":0,"4":3,"5":2,"6":2,"7":0},"b":{"0":[1,1],"1":[3,0],"2":[3,2],"3":[3,1],"4":[3,1],"5":[2,1],"6":[1,1]},"_coverageSchema":"1a1c01bbd47fc00a2c39e90264f33305004495a9","hash":"c48b78c277f7a2e41ea8f0d9e59dc95617eb9358"}
,"/home/muhammad/Desktop/Ammar/phase3/week3/Ambislah/server/services/helpers/bcrypt.js": {"path":"/home/muhammad/Desktop/Ammar/phase3/week3/Ambislah/server/services/helpers/bcrypt.js","statementMap":{"0":{"start":{"line":1,"column":15},"end":{"line":1,"column":34}},"1":{"start":{"line":3,"column":13},"end":{"line":5,"column":1}},"2":{"start":{"line":4,"column":2},"end":{"line":4,"column":39}},"3":{"start":{"line":7,"column":24},"end":{"line":9,"column":1}},"4":{"start":{"line":8,"column":2},"end":{"line":8,"column":46}},"5":{"start":{"line":11,"column":0},"end":{"line":11,"column":40}}},"fnMap":{"0":{"name":"(anonymous_0)","decl":{"start":{"line":3,"column":13},"end":{"line":3,"column":14}},"loc":{"start":{"line":3,"column":27},"end":{"line":5,"column":1}},"line":3},"1":{"name":"(anonymous_1)","decl":{"start":{"line":7,"column":24},"end":{"line":7,"column":25}},"loc":{"start":{"line":7,"column":47},"end":{"line":9,"column":1}},"line":7}},"branchMap":{},"s":{"0":4,"1":4,"2":2,"3":4,"4":2,"5":4},"f":{"0":2,"1":2},"b":{},"_coverageSchema":"1a1c01bbd47fc00a2c39e90264f33305004495a9","hash":"64774eac656e4f02725f5c64f269c55e4a779578"}
,"/home/muhammad/Desktop/Ammar/phase3/week3/Ambislah/server/services/helpers/jwt.js": {"path":"/home/muhammad/Desktop/Ammar/phase3/week3/Ambislah/server/services/helpers/jwt.js","statementMap":{"0":{"start":{"line":1,"column":12},"end":{"line":1,"column":35}},"1":{"start":{"line":3,"column":20},"end":{"line":5,"column":1}},"2":{"start":{"line":4,"column":2},"end":{"line":4,"column":47}},"3":{"start":{"line":6,"column":18},"end":{"line":8,"column":1}},"4":{"start":{"line":7,"column":2},"end":{"line":7,"column":47}},"5":{"start":{"line":10,"column":0},"end":{"line":10,"column":41}}},"fnMap":{"0":{"name":"(anonymous_0)","decl":{"start":{"line":3,"column":20},"end":{"line":3,"column":21}},"loc":{"start":{"line":3,"column":33},"end":{"line":5,"column":1}},"line":3},"1":{"name":"(anonymous_1)","decl":{"start":{"line":6,"column":18},"end":{"line":6,"column":19}},"loc":{"start":{"line":6,"column":29},"end":{"line":8,"column":1}},"line":6}},"branchMap":{},"s":{"0":4,"1":4,"2":3,"3":4,"4":26,"5":4},"f":{"0":3,"1":26},"b":{},"_coverageSchema":"1a1c01bbd47fc00a2c39e90264f33305004495a9","hash":"e502ddb97b58de57022f9b8ef1976afc86d97061"}
,"/home/muhammad/Desktop/Ammar/phase3/week3/Ambislah/server/services/middlewares/authentification.js": {"path":"/home/muhammad/Desktop/Ammar/phase3/week3/Ambislah/server/services/middlewares/authentification.js","statementMap":{"0":{"start":{"line":1,"column":20},"end":{"line":1,"column":45}},"1":{"start":{"line":2,"column":13},"end":{"line":2,"column":40}},"2":{"start":{"line":4,"column":0},"end":{"line":26,"column":1}},"3":{"start":{"line":6,"column":16},"end":{"line":6,"column":40}},"4":{"start":{"line":7,"column":2},"end":{"line":25,"column":70}},"5":{"start":{"line":8,"column":4},"end":{"line":24,"column":67}},"6":{"start":{"line":9,"column":22},"end":{"line":9,"column":38}},"7":{"start":{"line":10,"column":23},"end":{"line":14,"column":7}},"8":{"start":{"line":16,"column":6},"end":{"line":22,"column":39}},"9":{"start":{"line":18,"column":10},"end":{"line":21,"column":59}},"10":{"start":{"line":19,"column":12},"end":{"line":19,"column":31}},"11":{"start":{"line":20,"column":12},"end":{"line":20,"column":18}},"12":{"start":{"line":21,"column":17},"end":{"line":21,"column":59}},"13":{"start":{"line":22,"column":22},"end":{"line":22,"column":38}},"14":{"start":{"line":24,"column":16},"end":{"line":24,"column":66}},"15":{"start":{"line":25,"column":9},"end":{"line":25,"column":70}}},"fnMap":{"0":{"name":"(anonymous_0)","decl":{"start":{"line":4,"column":17},"end":{"line":4,"column":18}},"loc":{"start":{"line":4,"column":37},"end":{"line":26,"column":1}},"line":4},"1":{"name":"(anonymous_1)","decl":{"start":{"line":17,"column":12},"end":{"line":17,"column":13}},"loc":{"start":{"line":17,"column":20},"end":{"line":21,"column":60}},"line":17},"2":{"name":"(anonymous_2)","decl":{"start":{"line":22,"column":15},"end":{"line":22,"column":16}},"loc":{"start":{"line":22,"column":22},"end":{"line":22,"column":38}},"line":22}},"branchMap":{"0":{"loc":{"start":{"line":7,"column":2},"end":{"line":25,"column":70}},"type":"if","locations":[{"start":{"line":7,"column":2},"end":{"line":25,"column":70}},{"start":{"line":7,"column":2},"end":{"line":25,"column":70}}],"line":7},"1":{"loc":{"start":{"line":18,"column":10},"end":{"line":21,"column":59}},"type":"if","locations":[{"start":{"line":18,"column":10},"end":{"line":21,"column":59}},{"start":{"line":18,"column":10},"end":{"line":21,"column":59}}],"line":18}},"s":{"0":4,"1":4,"2":4,"3":28,"4":28,"5":26,"6":26,"7":24,"8":24,"9":21,"10":21,"11":21,"12":0,"13":3,"14":2,"15":2},"f":{"0":28,"1":21,"2":3},"b":{"0":[26,2],"1":[21,0]},"_coverageSchema":"1a1c01bbd47fc00a2c39e90264f33305004495a9","hash":"9d78b4987dafb85a52f51ddb594d4b25be3d39b8"}
,"/home/muhammad/Desktop/Ammar/phase3/week3/Ambislah/server/services/middlewares/errorHandler.js": {"path":"/home/muhammad/Desktop/Ammar/phase3/week3/Ambislah/server/services/middlewares/errorHandler.js","statementMap":{"0":{"start":{"line":2,"column":16},"end":{"line":2,"column":18}},"1":{"start":{"line":5,"column":2},"end":{"line":33,"column":3}},"2":{"start":{"line":6,"column":4},"end":{"line":6,"column":15}},"3":{"start":{"line":7,"column":4},"end":{"line":9,"column":7}},"4":{"start":{"line":8,"column":6},"end":{"line":8,"column":28}},"5":{"start":{"line":10,"column":9},"end":{"line":33,"column":3}},"6":{"start":{"line":11,"column":4},"end":{"line":11,"column":15}},"7":{"start":{"line":12,"column":4},"end":{"line":14,"column":7}},"8":{"start":{"line":13,"column":6},"end":{"line":13,"column":28}},"9":{"start":{"line":16,"column":8},"end":{"line":33,"column":3}},"10":{"start":{"line":17,"column":4},"end":{"line":17,"column":15}},"11":{"start":{"line":18,"column":4},"end":{"line":20,"column":7}},"12":{"start":{"line":19,"column":6},"end":{"line":19,"column":28}},"13":{"start":{"line":31,"column":4},"end":{"line":31,"column":15}},"14":{"start":{"line":32,"column":4},"end":{"line":32,"column":42}},"15":{"start":{"line":35,"column":2},"end":{"line":38,"column":5}},"16":{"start":{"line":73,"column":0},"end":{"line":73,"column":30}}},"fnMap":{"0":{"name":"errorHandler","decl":{"start":{"line":1,"column":9},"end":{"line":1,"column":21}},"loc":{"start":{"line":1,"column":43},"end":{"line":39,"column":1}},"line":1},"1":{"name":"(anonymous_1)","decl":{"start":{"line":7,"column":24},"end":{"line":7,"column":25}},"loc":{"start":{"line":7,"column":37},"end":{"line":9,"column":5}},"line":7},"2":{"name":"(anonymous_2)","decl":{"start":{"line":12,"column":24},"end":{"line":12,"column":25}},"loc":{"start":{"line":12,"column":37},"end":{"line":14,"column":5}},"line":12},"3":{"name":"(anonymous_3)","decl":{"start":{"line":18,"column":24},"end":{"line":18,"column":25}},"loc":{"start":{"line":18,"column":37},"end":{"line":20,"column":5}},"line":18}},"branchMap":{"0":{"loc":{"start":{"line":5,"column":2},"end":{"line":33,"column":3}},"type":"if","locations":[{"start":{"line":5,"column":2},"end":{"line":33,"column":3}},{"start":{"line":5,"column":2},"end":{"line":33,"column":3}}],"line":5},"1":{"loc":{"start":{"line":10,"column":9},"end":{"line":33,"column":3}},"type":"if","locations":[{"start":{"line":10,"column":9},"end":{"line":33,"column":3}},{"start":{"line":10,"column":9},"end":{"line":33,"column":3}}],"line":10},"2":{"loc":{"start":{"line":16,"column":8},"end":{"line":33,"column":3}},"type":"if","locations":[{"start":{"line":16,"column":8},"end":{"line":33,"column":3}},{"start":{"line":16,"column":8},"end":{"line":33,"column":3}}],"line":16}},"s":{"0":24,"1":24,"2":5,"3":5,"4":5,"5":19,"6":10,"7":10,"8":18,"9":9,"10":4,"11":4,"12":4,"13":5,"14":5,"15":24,"16":4},"f":{"0":24,"1":5,"2":18,"3":4},"b":{"0":[5,19],"1":[10,9],"2":[4,5]},"_coverageSchema":"1a1c01bbd47fc00a2c39e90264f33305004495a9","hash":"8550ce92b2963cb1f82ff3815ba84ce033eb60ec"}
,"/home/muhammad/Desktop/Ammar/phase3/week3/Ambislah/server/services/models/kahoot.js": {"path":"/home/muhammad/Desktop/Ammar/phase3/week3/Ambislah/server/services/models/kahoot.js","statementMap":{"0":{"start":{"line":1,"column":34},"end":{"line":1,"column":62}},"1":{"start":{"line":2,"column":17},"end":{"line":2,"column":45}},"2":{"start":{"line":6,"column":4},"end":{"line":6,"column":67}},"3":{"start":{"line":9,"column":4},"end":{"line":9,"column":41}},"4":{"start":{"line":10,"column":4},"end":{"line":10,"column":97}},"5":{"start":{"line":11,"column":4},"end":{"line":11,"column":67}},"6":{"start":{"line":14,"column":4},"end":{"line":14,"column":69}},"7":{"start":{"line":17,"column":4},"end":{"line":17,"column":79}},"8":{"start":{"line":32,"column":0},"end":{"line":32,"column":23}}},"fnMap":{"0":{"name":"(anonymous_0)","decl":{"start":{"line":5,"column":2},"end":{"line":5,"column":3}},"loc":{"start":{"line":5,"column":25},"end":{"line":7,"column":3}},"line":5},"1":{"name":"(anonymous_1)","decl":{"start":{"line":8,"column":2},"end":{"line":8,"column":3}},"loc":{"start":{"line":8,"column":31},"end":{"line":12,"column":3}},"line":8},"2":{"name":"(anonymous_2)","decl":{"start":{"line":13,"column":2},"end":{"line":13,"column":3}},"loc":{"start":{"line":13,"column":28},"end":{"line":15,"column":3}},"line":13},"3":{"name":"(anonymous_3)","decl":{"start":{"line":16,"column":2},"end":{"line":16,"column":3}},"loc":{"start":{"line":16,"column":27},"end":{"line":18,"column":3}},"line":16}},"branchMap":{},"s":{"0":4,"1":4,"2":0,"3":1,"4":1,"5":1,"6":3,"7":24,"8":4},"f":{"0":0,"1":1,"2":3,"3":24},"b":{},"_coverageSchema":"1a1c01bbd47fc00a2c39e90264f33305004495a9","hash":"df724f446a90c2cd55a7ecf43eb65a48001f7ee1"}
,"/home/muhammad/Desktop/Ammar/phase3/week3/Ambislah/server/services/models/quizModel.js": {"path":"/home/muhammad/Desktop/Ammar/phase3/week3/Ambislah/server/services/models/quizModel.js","statementMap":{"0":{"start":{"line":1,"column":34},"end":{"line":1,"column":62}},"1":{"start":{"line":5,"column":34},"end":{"line":5,"column":69}},"2":{"start":{"line":6,"column":24},"end":{"line":6,"column":80}},"3":{"start":{"line":7,"column":8},"end":{"line":7,"column":22}},"4":{"start":{"line":12,"column":34},"end":{"line":12,"column":69}},"5":{"start":{"line":14,"column":24},"end":{"line":16,"column":20}},"6":{"start":{"line":18,"column":8},"end":{"line":18,"column":25}},"7":{"start":{"line":22,"column":57},"end":{"line":22,"column":64}},"8":{"start":{"line":23,"column":21},"end":{"line":24,"column":34}},"9":{"start":{"line":25,"column":18},"end":{"line":27,"column":9}},"10":{"start":{"line":31,"column":8},"end":{"line":33,"column":9}},"11":{"start":{"line":32,"column":12},"end":{"line":32,"column":52}},"12":{"start":{"line":34,"column":8},"end":{"line":36,"column":9}},"13":{"start":{"line":35,"column":12},"end":{"line":35,"column":56}},"14":{"start":{"line":38,"column":8},"end":{"line":40,"column":9}},"15":{"start":{"line":39,"column":12},"end":{"line":39,"column":52}},"16":{"start":{"line":41,"column":8},"end":{"line":43,"column":9}},"17":{"start":{"line":42,"column":12},"end":{"line":42,"column":51}},"18":{"start":{"line":45,"column":8},"end":{"line":47,"column":9}},"19":{"start":{"line":46,"column":12},"end":{"line":46,"column":22}},"20":{"start":{"line":49,"column":34},"end":{"line":49,"column":69}},"21":{"start":{"line":51,"column":22},"end":{"line":51,"column":63}},"22":{"start":{"line":53,"column":8},"end":{"line":53,"column":39}},"23":{"start":{"line":55,"column":8},"end":{"line":55,"column":21}},"24":{"start":{"line":59,"column":57},"end":{"line":59,"column":64}},"25":{"start":{"line":60,"column":21},"end":{"line":60,"column":83}},"26":{"start":{"line":62,"column":18},"end":{"line":64,"column":9}},"27":{"start":{"line":68,"column":8},"end":{"line":70,"column":9}},"28":{"start":{"line":69,"column":12},"end":{"line":69,"column":52}},"29":{"start":{"line":75,"column":8},"end":{"line":77,"column":9}},"30":{"start":{"line":76,"column":12},"end":{"line":76,"column":52}},"31":{"start":{"line":78,"column":8},"end":{"line":80,"column":9}},"32":{"start":{"line":79,"column":12},"end":{"line":79,"column":51}},"33":{"start":{"line":82,"column":8},"end":{"line":84,"column":9}},"34":{"start":{"line":83,"column":12},"end":{"line":83,"column":22}},"35":{"start":{"line":86,"column":34},"end":{"line":86,"column":69}},"36":{"start":{"line":88,"column":8},"end":{"line":95,"column":10}},"37":{"start":{"line":90,"column":12},"end":{"line":94,"column":13}},"38":{"start":{"line":91,"column":16},"end":{"line":91,"column":49}},"39":{"start":{"line":93,"column":16},"end":{"line":93,"column":46}},"40":{"start":{"line":97,"column":22},"end":{"line":102,"column":10}},"41":{"start":{"line":104,"column":8},"end":{"line":104,"column":23}},"42":{"start":{"line":105,"column":8},"end":{"line":105,"column":50}},"43":{"start":{"line":107,"column":8},"end":{"line":107,"column":21}},"44":{"start":{"line":112,"column":34},"end":{"line":112,"column":69}},"45":{"start":{"line":114,"column":22},"end":{"line":116,"column":10}},"46":{"start":{"line":118,"column":8},"end":{"line":118,"column":22}},"47":{"start":{"line":123,"column":0},"end":{"line":123,"column":24}}},"fnMap":{"0":{"name":"(anonymous_0)","decl":{"start":{"line":4,"column":4},"end":{"line":4,"column":5}},"loc":{"start":{"line":4,"column":33},"end":{"line":8,"column":5}},"line":4},"1":{"name":"(anonymous_1)","decl":{"start":{"line":10,"column":4},"end":{"line":10,"column":5}},"loc":{"start":{"line":10,"column":29},"end":{"line":19,"column":5}},"line":10},"2":{"name":"(anonymous_2)","decl":{"start":{"line":21,"column":4},"end":{"line":21,"column":5}},"loc":{"start":{"line":21,"column":35},"end":{"line":56,"column":5}},"line":21},"3":{"name":"(anonymous_3)","decl":{"start":{"line":58,"column":4},"end":{"line":58,"column":5}},"loc":{"start":{"line":58,"column":38},"end":{"line":108,"column":5}},"line":58},"4":{"name":"(anonymous_4)","decl":{"start":{"line":89,"column":14},"end":{"line":89,"column":15}},"loc":{"start":{"line":89,"column":22},"end":{"line":95,"column":9}},"line":89},"5":{"name":"(anonymous_5)","decl":{"start":{"line":110,"column":4},"end":{"line":110,"column":5}},"loc":{"start":{"line":110,"column":32},"end":{"line":119,"column":5}},"line":110}},"branchMap":{"0":{"loc":{"start":{"line":31,"column":8},"end":{"line":33,"column":9}},"type":"if","locations":[{"start":{"line":31,"column":8},"end":{"line":33,"column":9}},{"start":{"line":31,"column":8},"end":{"line":33,"column":9}}],"line":31},"1":{"loc":{"start":{"line":34,"column":8},"end":{"line":36,"column":9}},"type":"if","locations":[{"start":{"line":34,"column":8},"end":{"line":36,"column":9}},{"start":{"line":34,"column":8},"end":{"line":36,"column":9}}],"line":34},"2":{"loc":{"start":{"line":38,"column":8},"end":{"line":40,"column":9}},"type":"if","locations":[{"start":{"line":38,"column":8},"end":{"line":40,"column":9}},{"start":{"line":38,"column":8},"end":{"line":40,"column":9}}],"line":38},"3":{"loc":{"start":{"line":41,"column":8},"end":{"line":43,"column":9}},"type":"if","locations":[{"start":{"line":41,"column":8},"end":{"line":43,"column":9}},{"start":{"line":41,"column":8},"end":{"line":43,"column":9}}],"line":41},"4":{"loc":{"start":{"line":45,"column":8},"end":{"line":47,"column":9}},"type":"if","locations":[{"start":{"line":45,"column":8},"end":{"line":47,"column":9}},{"start":{"line":45,"column":8},"end":{"line":47,"column":9}}],"line":45},"5":{"loc":{"start":{"line":68,"column":8},"end":{"line":70,"column":9}},"type":"if","locations":[{"start":{"line":68,"column":8},"end":{"line":70,"column":9}},{"start":{"line":68,"column":8},"end":{"line":70,"column":9}}],"line":68},"6":{"loc":{"start":{"line":75,"column":8},"end":{"line":77,"column":9}},"type":"if","locations":[{"start":{"line":75,"column":8},"end":{"line":77,"column":9}},{"start":{"line":75,"column":8},"end":{"line":77,"column":9}}],"line":75},"7":{"loc":{"start":{"line":78,"column":8},"end":{"line":80,"column":9}},"type":"if","locations":[{"start":{"line":78,"column":8},"end":{"line":80,"column":9}},{"start":{"line":78,"column":8},"end":{"line":80,"column":9}}],"line":78},"8":{"loc":{"start":{"line":82,"column":8},"end":{"line":84,"column":9}},"type":"if","locations":[{"start":{"line":82,"column":8},"end":{"line":84,"column":9}},{"start":{"line":82,"column":8},"end":{"line":84,"column":9}}],"line":82},"9":{"loc":{"start":{"line":90,"column":12},"end":{"line":94,"column":13}},"type":"if","locations":[{"start":{"line":90,"column":12},"end":{"line":94,"column":13}},{"start":{"line":90,"column":12},"end":{"line":94,"column":13}}],"line":90}},"s":{"0":4,"1":1,"2":1,"3":1,"4":3,"5":3,"6":2,"7":2,"8":2,"9":2,"10":2,"11":1,"12":2,"13":1,"14":2,"15":1,"16":2,"17":1,"18":2,"19":1,"20":1,"21":1,"22":1,"23":1,"24":4,"25":4,"26":4,"27":4,"28":2,"29":4,"30":1,"31":4,"32":1,"33":4,"34":2,"35":2,"36":2,"37":2,"38":1,"39":1,"40":2,"41":2,"42":2,"43":2,"44":3,"45":3,"46":2,"47":4},"f":{"0":1,"1":3,"2":2,"3":4,"4":2,"5":3},"b":{"0":[1,1],"1":[1,1],"2":[1,1],"3":[1,1],"4":[1,1],"5":[2,2],"6":[1,3],"7":[1,3],"8":[2,2],"9":[1,1]},"_coverageSchema":"1a1c01bbd47fc00a2c39e90264f33305004495a9","hash":"0e9bf7a1b015cd7a3881d4f95f9d294007e906d8"}
,"/home/muhammad/Desktop/Ammar/phase3/week3/Ambislah/server/services/models/reportModel.js": {"path":"/home/muhammad/Desktop/Ammar/phase3/week3/Ambislah/server/services/models/reportModel.js","statementMap":{"0":{"start":{"line":1,"column":34},"end":{"line":1,"column":62}},"1":{"start":{"line":5,"column":8},"end":{"line":5,"column":50}},"2":{"start":{"line":9,"column":8},"end":{"line":13,"column":26}},"3":{"start":{"line":10,"column":25},"end":{"line":10,"column":74}},"4":{"start":{"line":11,"column":12},"end":{"line":11,"column":23}},"5":{"start":{"line":17,"column":8},"end":{"line":20,"column":26}},"6":{"start":{"line":18,"column":25},"end":{"line":18,"column":88}},"7":{"start":{"line":19,"column":12},"end":{"line":19,"column":23}},"8":{"start":{"line":24,"column":8},"end":{"line":29,"column":26}},"9":{"start":{"line":25,"column":25},"end":{"line":25,"column":43}},"10":{"start":{"line":26,"column":35},"end":{"line":26,"column":62}},"11":{"start":{"line":27,"column":12},"end":{"line":27,"column":49}},"12":{"start":{"line":33,"column":8},"end":{"line":42,"column":26}},"13":{"start":{"line":34,"column":25},"end":{"line":34,"column":43}},"14":{"start":{"line":35,"column":12},"end":{"line":35,"column":51}},"15":{"start":{"line":37,"column":12},"end":{"line":39,"column":13}},"16":{"start":{"line":40,"column":12},"end":{"line":40,"column":23}},"17":{"start":{"line":47,"column":0},"end":{"line":47,"column":22}}},"fnMap":{"0":{"name":"(anonymous_0)","decl":{"start":{"line":4,"column":4},"end":{"line":4,"column":5}},"loc":{"start":{"line":4,"column":24},"end":{"line":6,"column":5}},"line":4},"1":{"name":"(anonymous_1)","decl":{"start":{"line":8,"column":4},"end":{"line":8,"column":5}},"loc":{"start":{"line":8,"column":41},"end":{"line":14,"column":5}},"line":8},"2":{"name":"(anonymous_2)","decl":{"start":{"line":16,"column":4},"end":{"line":16,"column":5}},"loc":{"start":{"line":16,"column":45},"end":{"line":21,"column":5}},"line":16},"3":{"name":"(anonymous_3)","decl":{"start":{"line":23,"column":4},"end":{"line":23,"column":5}},"loc":{"start":{"line":23,"column":39},"end":{"line":30,"column":5}},"line":23},"4":{"name":"(anonymous_4)","decl":{"start":{"line":32,"column":4},"end":{"line":32,"column":5}},"loc":{"start":{"line":32,"column":36},"end":{"line":44,"column":5}},"line":32}},"branchMap":{},"s":{"0":4,"1":7,"2":1,"3":1,"4":1,"5":2,"6":2,"7":1,"8":2,"9":2,"10":2,"11":2,"12":2,"13":2,"14":2,"15":1,"16":1,"17":4},"f":{"0":7,"1":1,"2":2,"3":2,"4":2},"b":{},"_coverageSchema":"1a1c01bbd47fc00a2c39e90264f33305004495a9","hash":"beed574c54b0df8235722aaef1c26a49e9370ffd"}
,"/home/muhammad/Desktop/Ammar/phase3/week3/Ambislah/server/services/routes/index.js": {"path":"/home/muhammad/Desktop/Ammar/phase3/week3/Ambislah/server/services/routes/index.js","statementMap":{"0":{"start":{"line":1,"column":16},"end":{"line":1,"column":34}},"1":{"start":{"line":2,"column":15},"end":{"line":2,"column":31}},"2":{"start":{"line":3,"column":22},"end":{"line":3,"column":45}},"3":{"start":{"line":4,"column":21},"end":{"line":4,"column":46}},"4":{"start":{"line":5,"column":21},"end":{"line":5,"column":59}},"5":{"start":{"line":6,"column":23},"end":{"line":6,"column":63}},"6":{"start":{"line":7,"column":23},"end":{"line":7,"column":65}},"7":{"start":{"line":9,"column":0},"end":{"line":11,"column":2}},"8":{"start":{"line":10,"column":4},"end":{"line":10,"column":26}},"9":{"start":{"line":13,"column":0},"end":{"line":13,"column":49}},"10":{"start":{"line":14,"column":0},"end":{"line":14,"column":43}},"11":{"start":{"line":15,"column":0},"end":{"line":15,"column":55}},"12":{"start":{"line":17,"column":0},"end":{"line":17,"column":26}},"13":{"start":{"line":18,"column":0},"end":{"line":18,"column":37}},"14":{"start":{"line":19,"column":0},"end":{"line":19,"column":36}},"15":{"start":{"line":21,"column":0},"end":{"line":21,"column":24}},"16":{"start":{"line":23,"column":0},"end":{"line":23,"column":23}}},"fnMap":{"0":{"name":"(anonymous_0)","decl":{"start":{"line":9,"column":16},"end":{"line":9,"column":17}},"loc":{"start":{"line":9,"column":30},"end":{"line":11,"column":1}},"line":9}},"branchMap":{},"s":{"0":4,"1":4,"2":4,"3":4,"4":4,"5":4,"6":4,"7":4,"8":0,"9":4,"10":4,"11":4,"12":4,"13":4,"14":4,"15":4,"16":4},"f":{"0":0},"b":{},"_coverageSchema":"1a1c01bbd47fc00a2c39e90264f33305004495a9","hash":"3836e4bc4731701b19ea592261f91a14ff722099"}
,"/home/muhammad/Desktop/Ammar/phase3/week3/Ambislah/server/services/routes/quizRoutes.js": {"path":"/home/muhammad/Desktop/Ammar/phase3/week3/Ambislah/server/services/routes/quizRoutes.js","statementMap":{"0":{"start":{"line":1,"column":16},"end":{"line":1,"column":34}},"1":{"start":{"line":2,"column":15},"end":{"line":2,"column":31}},"2":{"start":{"line":3,"column":19},"end":{"line":3,"column":59}},"3":{"start":{"line":5,"column":0},"end":{"line":5,"column":42}},"4":{"start":{"line":7,"column":0},"end":{"line":7,"column":44}},"5":{"start":{"line":9,"column":0},"end":{"line":9,"column":49}},"6":{"start":{"line":11,"column":0},"end":{"line":11,"column":45}},"7":{"start":{"line":13,"column":0},"end":{"line":13,"column":51}},"8":{"start":{"line":17,"column":0},"end":{"line":17,"column":23}}},"fnMap":{},"branchMap":{},"s":{"0":4,"1":4,"2":4,"3":4,"4":4,"5":4,"6":4,"7":4,"8":4},"f":{},"b":{},"_coverageSchema":"1a1c01bbd47fc00a2c39e90264f33305004495a9","hash":"2d4d5feaebbe400451d6773ce8d304ba4ab069d5"}
,"/home/muhammad/Desktop/Ammar/phase3/week3/Ambislah/server/services/routes/reportRoutes.js": {"path":"/home/muhammad/Desktop/Ammar/phase3/week3/Ambislah/server/services/routes/reportRoutes.js","statementMap":{"0":{"start":{"line":1,"column":15},"end":{"line":1,"column":42}},"1":{"start":{"line":2,"column":26},"end":{"line":2,"column":68}},"2":{"start":{"line":4,"column":0},"end":{"line":4,"column":49}},"3":{"start":{"line":5,"column":0},"end":{"line":5,"column":52}},"4":{"start":{"line":6,"column":0},"end":{"line":6,"column":49}},"5":{"start":{"line":7,"column":0},"end":{"line":7,"column":54}},"6":{"start":{"line":9,"column":0},"end":{"line":9,"column":23}}},"fnMap":{},"branchMap":{},"s":{"0":4,"1":4,"2":4,"3":4,"4":4,"5":4,"6":4},"f":{},"b":{},"_coverageSchema":"1a1c01bbd47fc00a2c39e90264f33305004495a9","hash":"fefecbba3f1c468bb27a376bc0577771a291834e"}
,"/home/muhammad/Desktop/Ammar/phase3/week3/Ambislah/server/services/test/testing.helpers.js": {"path":"/home/muhammad/Desktop/Ammar/phase3/week3/Ambislah/server/services/test/testing.helpers.js","statementMap":{"0":{"start":{"line":2,"column":18},"end":{"line":2,"column":20}},"1":{"start":{"line":3,"column":4},"end":{"line":16,"column":5}},"2":{"start":{"line":4,"column":20},"end":{"line":13,"column":9}},"3":{"start":{"line":15,"column":8},"end":{"line":15,"column":27}},"4":{"start":{"line":17,"column":4},"end":{"line":17,"column":18}},"5":{"start":{"line":21,"column":4},"end":{"line":21,"column":25}},"6":{"start":{"line":22,"column":4},"end":{"line":27,"column":5}},"7":{"start":{"line":26,"column":8},"end":{"line":26,"column":49}},"8":{"start":{"line":28,"column":4},"end":{"line":28,"column":25}},"9":{"start":{"line":31,"column":0},"end":{"line":31,"column":44}}},"fnMap":{"0":{"name":"dummyReports","decl":{"start":{"line":1,"column":9},"end":{"line":1,"column":21}},"loc":{"start":{"line":1,"column":24},"end":{"line":18,"column":1}},"line":1},"1":{"name":"isValidDate","decl":{"start":{"line":20,"column":9},"end":{"line":20,"column":20}},"loc":{"start":{"line":20,"column":27},"end":{"line":29,"column":1}},"line":20},"2":{"name":"(anonymous_2)","decl":{"start":{"line":22,"column":29},"end":{"line":22,"column":30}},"loc":{"start":{"line":22,"column":41},"end":{"line":27,"column":5}},"line":22}},"branchMap":{"0":{"loc":{"start":{"line":5,"column":20},"end":{"line":5,"column":53}},"type":"cond-expr","locations":[{"start":{"line":5,"column":34},"end":{"line":5,"column":42}},{"start":{"line":5,"column":45},"end":{"line":5,"column":53}}],"line":5}},"s":{"0":1,"1":1,"2":5,"3":5,"4":1,"5":7,"6":7,"7":7,"8":7,"9":1},"f":{"0":1,"1":7,"2":7},"b":{"0":[3,2]},"_coverageSchema":"1a1c01bbd47fc00a2c39e90264f33305004495a9","hash":"d802f9af62b63f4fa9d525625c4d2e43604ba783"}
}
