TN:
SF:app.js
FNF:0
FNH:0
DA:2,4
DA:3,4
DA:5,4
DA:6,4
DA:8,4
DA:11,4
DA:13,4
DA:15,4
DA:19,4
DA:33,4
LF:10
LH:10
BRF:0
BRH:0
end_of_record
TN:
SF:config/mongodb.js
FN:7,connect
FN:21,getDatabase
FNF:2
FNH:2
FNDA:4,connect
FNDA:45,getDatabase
DA:1,4
DA:4,4
DA:5,4
DA:8,4
DA:9,4
DA:10,4
DA:12,4
DA:13,4
DA:15,4
DA:16,4
DA:18,4
DA:22,45
DA:25,4
LF:13
LH:13
BRDA:10,0,0,4
BRDA:10,0,1,0
BRF:2
BRH:1
end_of_record
TN:
SF:controllers/authController.js
FN:15,(anonymous_0)
FN:34,(anonymous_1)
FN:39,(anonymous_2)
FN:53,(anonymous_3)
FN:61,(anonymous_4)
FNF:5
FNH:5
FNDA:2,(anonymous_0)
FNDA:3,(anonymous_1)
FNDA:3,(anonymous_2)
FNDA:2,(anonymous_3)
FNDA:2,(anonymous_4)
DA:1,4
DA:2,4
DA:3,4
DA:4,4
DA:16,2
DA:17,2
DA:18,2
DA:19,2
DA:20,2
DA:22,2
DA:23,1
DA:26,2
DA:27,1
DA:28,1
DA:29,1
DA:31,1
DA:35,3
DA:36,3
DA:38,3
DA:40,3
DA:41,2
DA:42,1
DA:47,1
DA:48,1
DA:49,1
DA:54,2
DA:58,0
DA:62,2
DA:63,2
DA:64,2
DA:65,2
DA:66,2
DA:70,0
DA:72,0
DA:73,0
DA:74,0
DA:75,0
DA:80,0
DA:81,0
DA:82,0
DA:84,0
DA:89,0
DA:90,0
DA:95,0
DA:96,0
DA:97,0
DA:101,2
DA:106,4
LF:48
LH:33
BRDA:19,0,0,2
BRDA:19,0,1,1
BRDA:20,1,0,2
BRDA:20,1,1,1
BRDA:22,2,0,1
BRDA:22,2,1,1
BRDA:40,3,0,2
BRDA:40,3,1,0
BRDA:41,4,0,1
BRDA:41,4,1,0
BRDA:74,5,0,0
BRDA:74,5,1,0
BRF:12
BRH:8
end_of_record
TN:
SF:controllers/quizController.js
FN:4,(anonymous_0)
FN:6,(anonymous_1)
FN:9,(anonymous_2)
FN:14,(anonymous_3)
FN:21,(anonymous_4)
FN:28,(anonymous_5)
FN:33,(anonymous_6)
FN:40,(anonymous_7)
FN:47,(anonymous_8)
FN:52,(anonymous_9)
FN:67,(anonymous_10)
FN:76,(anonymous_11)
FN:81,(anonymous_12)
FN:89,(anonymous_13)
FN:98,(anonymous_14)
FNF:15
FNH:12
FNDA:1,(anonymous_0)
FNDA:1,(anonymous_1)
FNDA:0,(anonymous_2)
FNDA:3,(anonymous_3)
FNDA:2,(anonymous_4)
FNDA:1,(anonymous_5)
FNDA:2,(anonymous_6)
FNDA:2,(anonymous_7)
FNDA:0,(anonymous_8)
FNDA:4,(anonymous_9)
FNDA:4,(anonymous_10)
FNDA:0,(anonymous_11)
FNDA:3,(anonymous_12)
FNDA:2,(anonymous_13)
FNDA:1,(anonymous_14)
DA:1,4
DA:5,1
DA:7,1
DA:10,0
DA:15,3
DA:16,3
DA:17,1
DA:20,3
DA:22,2
DA:23,1
DA:25,1
DA:29,1
DA:34,2
DA:39,2
DA:41,2
DA:42,1
DA:44,1
DA:48,0
DA:53,4
DA:60,4
DA:62,4
DA:63,1
DA:66,4
DA:68,4
DA:69,1
DA:70,3
DA:71,1
DA:73,2
DA:77,0
DA:82,3
DA:84,3
DA:85,1
DA:88,3
DA:90,2
DA:91,1
DA:95,1
DA:99,1
DA:104,4
LF:38
LH:35
BRDA:16,0,0,1
BRDA:16,0,1,2
BRDA:22,1,0,1
BRDA:22,1,1,1
BRDA:41,2,0,1
BRDA:41,2,1,1
BRDA:62,3,0,1
BRDA:62,3,1,3
BRDA:68,4,0,1
BRDA:68,4,1,3
BRDA:70,5,0,1
BRDA:70,5,1,2
BRDA:84,6,0,1
BRDA:84,6,1,2
BRDA:90,7,0,1
BRDA:90,7,1,1
BRF:16
BRH:16
end_of_record
TN:
SF:controllers/reportController.js
FN:4,(anonymous_0)
FN:15,(anonymous_1)
FN:19,(anonymous_2)
FN:26,(anonymous_3)
FN:31,(anonymous_4)
FN:61,(anonymous_5)
FN:65,(anonymous_6)
FN:73,(anonymous_7)
FNF:8
FNH:6
FNDA:1,(anonymous_0)
FNDA:2,(anonymous_1)
FNDA:2,(anonymous_2)
FNDA:0,(anonymous_3)
FNDA:3,(anonymous_4)
FNDA:2,(anonymous_5)
FNDA:2,(anonymous_6)
FNDA:0,(anonymous_7)
DA:1,4
DA:5,1
DA:6,1
DA:7,1
DA:8,1
DA:11,0
DA:16,2
DA:17,2
DA:18,2
DA:20,2
DA:21,1
DA:23,1
DA:27,0
DA:32,3
DA:33,3
DA:34,3
DA:36,3
DA:37,3
DA:38,3
DA:39,3
DA:42,3
DA:44,3
DA:45,2
DA:47,3
DA:53,2
DA:54,2
DA:57,2
DA:62,2
DA:64,2
DA:66,2
DA:67,1
DA:70,1
DA:74,0
DA:79,4
LF:34
LH:31
BRDA:20,0,0,1
BRDA:20,0,1,1
BRDA:37,1,0,3
BRDA:37,1,1,0
BRDA:38,2,0,3
BRDA:38,2,1,2
BRDA:39,3,0,3
BRDA:39,3,1,1
BRDA:42,4,0,3
BRDA:42,4,1,1
BRDA:44,5,0,2
BRDA:44,5,1,1
BRDA:66,6,0,1
BRDA:66,6,1,1
BRF:14
BRH:13
end_of_record
TN:
SF:helpers/bcrypt.js
FN:3,(anonymous_0)
FN:7,(anonymous_1)
FNF:2
FNH:2
FNDA:2,(anonymous_0)
FNDA:2,(anonymous_1)
DA:1,4
DA:3,4
DA:4,2
DA:7,4
DA:8,2
DA:11,4
LF:6
LH:6
BRF:0
BRH:0
end_of_record
TN:
SF:helpers/jwt.js
FN:3,(anonymous_0)
FN:6,(anonymous_1)
FNF:2
FNH:2
FNDA:3,(anonymous_0)
FNDA:26,(anonymous_1)
DA:1,4
DA:3,4
DA:4,3
DA:6,4
DA:7,26
DA:10,4
LF:6
LH:6
BRF:0
BRH:0
end_of_record
TN:
SF:middlewares/authentification.js
FN:4,(anonymous_0)
FN:17,(anonymous_1)
FN:22,(anonymous_2)
FNF:3
FNH:3
FNDA:28,(anonymous_0)
FNDA:21,(anonymous_1)
FNDA:3,(anonymous_2)
DA:1,4
DA:2,4
DA:4,4
DA:6,28
DA:7,28
DA:8,26
DA:9,26
DA:10,24
DA:16,24
DA:18,21
DA:19,21
DA:20,21
DA:21,0
DA:22,3
DA:24,2
DA:25,2
LF:16
LH:15
BRDA:7,0,0,26
BRDA:7,0,1,2
BRDA:18,1,0,21
BRDA:18,1,1,0
BRF:4
BRH:3
end_of_record
TN:
SF:middlewares/errorHandler.js
FN:1,errorHandler
FN:7,(anonymous_1)
FN:12,(anonymous_2)
FN:18,(anonymous_3)
FNF:4
FNH:4
FNDA:24,errorHandler
FNDA:5,(anonymous_1)
FNDA:18,(anonymous_2)
FNDA:4,(anonymous_3)
DA:2,24
DA:5,24
DA:6,5
DA:7,5
DA:8,5
DA:10,19
DA:11,10
DA:12,10
DA:13,18
DA:16,9
DA:17,4
DA:18,4
DA:19,4
DA:31,5
DA:32,5
DA:35,24
DA:73,4
LF:17
LH:17
BRDA:5,0,0,5
BRDA:5,0,1,19
BRDA:10,1,0,10
BRDA:10,1,1,9
BRDA:16,2,0,4
BRDA:16,2,1,5
BRF:6
BRH:6
end_of_record
TN:
SF:models/kahoot.js
FN:5,(anonymous_0)
FN:8,(anonymous_1)
FN:13,(anonymous_2)
FN:16,(anonymous_3)
FNF:4
FNH:3
FNDA:0,(anonymous_0)
FNDA:1,(anonymous_1)
FNDA:3,(anonymous_2)
FNDA:24,(anonymous_3)
DA:1,4
DA:2,4
DA:6,0
DA:9,1
DA:10,1
DA:11,1
DA:14,3
DA:17,24
DA:32,4
LF:9
LH:8
BRF:0
BRH:0
end_of_record
TN:
SF:models/quizModel.js
FN:4,(anonymous_0)
FN:10,(anonymous_1)
FN:21,(anonymous_2)
FN:58,(anonymous_3)
FN:89,(anonymous_4)
FN:110,(anonymous_5)
FNF:6
FNH:6
FNDA:1,(anonymous_0)
FNDA:3,(anonymous_1)
FNDA:2,(anonymous_2)
FNDA:4,(anonymous_3)
FNDA:2,(anonymous_4)
FNDA:3,(anonymous_5)
DA:1,4
DA:5,1
DA:6,1
DA:7,1
DA:12,3
DA:14,3
DA:18,2
DA:22,2
DA:23,2
DA:25,2
DA:31,2
DA:32,1
DA:34,2
DA:35,1
DA:38,2
DA:39,1
DA:41,2
DA:42,1
DA:45,2
DA:46,1
DA:49,1
DA:51,1
DA:53,1
DA:55,1
DA:59,4
DA:60,4
DA:62,4
DA:68,4
DA:69,2
DA:75,4
DA:76,1
DA:78,4
DA:79,1
DA:82,4
DA:83,2
DA:86,2
DA:88,2
DA:90,2
DA:91,1
DA:93,1
DA:97,2
DA:104,2
DA:105,2
DA:107,2
DA:112,3
DA:114,3
DA:118,2
DA:123,4
LF:48
LH:48
BRDA:31,0,0,1
BRDA:31,0,1,1
BRDA:34,1,0,1
BRDA:34,1,1,1
BRDA:38,2,0,1
BRDA:38,2,1,1
BRDA:41,3,0,1
BRDA:41,3,1,1
BRDA:45,4,0,1
BRDA:45,4,1,1
BRDA:68,5,0,2
BRDA:68,5,1,2
BRDA:75,6,0,1
BRDA:75,6,1,3
BRDA:78,7,0,1
BRDA:78,7,1,3
BRDA:82,8,0,2
BRDA:82,8,1,2
BRDA:90,9,0,1
BRDA:90,9,1,1
BRF:20
BRH:20
end_of_record
TN:
SF:models/reportModel.js
FN:4,(anonymous_0)
FN:8,(anonymous_1)
FN:16,(anonymous_2)
FN:23,(anonymous_3)
FN:32,(anonymous_4)
FNF:5
FNH:5
FNDA:7,(anonymous_0)
FNDA:1,(anonymous_1)
FNDA:2,(anonymous_2)
FNDA:2,(anonymous_3)
FNDA:2,(anonymous_4)
DA:1,4
DA:5,7
DA:9,1
DA:10,1
DA:11,1
DA:17,2
DA:18,2
DA:19,1
DA:24,2
DA:25,2
DA:26,2
DA:27,2
DA:33,2
DA:34,2
DA:35,2
DA:37,1
DA:40,1
DA:47,4
LF:18
LH:18
BRF:0
BRH:0
end_of_record
TN:
SF:routes/index.js
FN:9,(anonymous_0)
FNF:1
FNH:0
FNDA:0,(anonymous_0)
DA:1,4
DA:2,4
DA:3,4
DA:4,4
DA:5,4
DA:6,4
DA:7,4
DA:9,4
DA:10,0
DA:13,4
DA:14,4
DA:15,4
DA:17,4
DA:18,4
DA:19,4
DA:21,4
DA:23,4
LF:17
LH:16
BRF:0
BRH:0
end_of_record
TN:
SF:routes/quizRoutes.js
FNF:0
FNH:0
DA:1,4
DA:2,4
DA:3,4
DA:5,4
DA:7,4
DA:9,4
DA:11,4
DA:13,4
DA:17,4
LF:9
LH:9
BRF:0
BRH:0
end_of_record
TN:
SF:routes/reportRoutes.js
FNF:0
FNH:0
DA:1,4
DA:2,4
DA:4,4
DA:5,4
DA:6,4
DA:7,4
DA:9,4
LF:7
LH:7
BRF:0
BRH:0
end_of_record
TN:
SF:test/testing.helpers.js
FN:1,dummyReports
FN:20,isValidDate
FN:22,(anonymous_2)
FNF:3
FNH:3
FNDA:1,dummyReports
FNDA:7,isValidDate
FNDA:7,(anonymous_2)
DA:2,1
DA:3,1
DA:4,5
DA:15,5
DA:17,1
DA:21,7
DA:22,7
DA:26,7
DA:28,7
DA:31,1
LF:10
LH:10
BRDA:5,0,0,3
BRDA:5,0,1,2
BRF:2
BRH:2
end_of_record
